{
  "stats": {
    "suites": 1,
    "tests": 1,
    "passes": 1,
    "pending": 0,
    "failures": 0,
    "start": "2021-10-25T14:15:03.779Z",
    "end": "2021-10-25T14:15:13.289Z",
    "duration": 9510,
    "testsRegistered": 1,
    "passPercent": 100,
    "pendingPercent": 0,
    "other": 0,
    "hasOther": false,
    "skipped": 0,
    "hasSkipped": false
  },
  "results": [
    {
      "uuid": "01b196ca-9246-4a23-a663-552e3e1d2f2c",
      "title": "",
      "fullFile": "cypress/tests/articles.spec.js",
      "file": "cypress/tests/articles.spec.js",
      "beforeHooks": [],
      "afterHooks": [],
      "tests": [],
      "suites": [
        {
          "uuid": "cd0add75-0ed8-47be-9800-0b8a42c529e4",
          "title": "Articles",
          "fullFile": "",
          "file": "",
          "beforeHooks": [],
          "afterHooks": [],
          "tests": [
            {
              "title": "Cadastro de um novo artigo com sucesso",
              "fullTitle": "Articles Cadastro de um novo artigo com sucesso",
              "timedOut": null,
              "duration": 9356,
              "state": "passed",
              "speed": "slow",
              "pass": true,
              "fail": false,
              "pending": false,
              "context": null,
              "code": "_articles.default.acessarFormulario();\n_articles.default.preencherFormulario();\n_articles.default.publicarformulario();",
              "err": {},
              "uuid": "1f8013bd-e797-4975-8978-edd677cbfd0a",
              "parentUUID": "cd0add75-0ed8-47be-9800-0b8a42c529e4",
              "isHook": false,
              "skipped": false
            }
          ],
          "suites": [],
          "passes": [
            "1f8013bd-e797-4975-8978-edd677cbfd0a"
          ],
          "failures": [],
          "pending": [],
          "skipped": [],
          "duration": 9356,
          "root": false,
          "rootEmpty": false,
          "_timeout": 2000
        }
      ],
      "passes": [],
      "failures": [],
      "pending": [],
      "skipped": [],
      "duration": 0,
      "root": true,
      "rootEmpty": true,
      "_timeout": 2000
    }
  ],
  "meta": {
    "mocha": {
      "version": "7.0.1"
    },
    "mochawesome": {
      "options": {
        "quiet": true,
        "reportFilename": "mochawesome",
        "saveHtml": false,
        "saveJson": true,
        "consoleReporter": "spec",
        "useInlineDiffs": false,
        "code": true
      },
      "version": "6.3.1"
    },
    "marge": {
      "options": {
        "id": "default",
        "reportDir": "mochawesome-report",
        "quiet": true,
        "overwrite": false,
        "html": false,
        "json": true
      },
      "version": "5.2.0"
    }
  }
}